Loading required package: shiny
Loading required package: methods

Listening on http://127.0.0.1:6875
[1708:840:0613/160049.343:ERROR:cache_util_win.cc(20)] Unable to move the cache: 5
[1708:840:0613/160049.343:ERROR:cache_util.cc(134)] Unable to move cache folder C:\Users\Anton\AppData\Local\Google\Chrome\User Data\ShaderCache\GPUCache to C:\Users\Anton\AppData\Local\Google\Chrome\User Data\ShaderCache\old_GPUCache_000
[1708:840:0613/160049.343:ERROR:disk_cache.cc(132)] Unable to create cache
[1708:840:0613/160049.344:ERROR:shader_disk_cache.cc(593)] Shader Cache Creation failed: -2
Loading required package: rmongodb
Loading required package: data.table
Loading required package: fOptions
Loading required package: timeDate
Loading required package: timeSeries
Loading required package: fBasics


Rmetrics Package fBasics
Analysing Markets and calculating Basic Statistics
Copyright (C) 2005-2014 Rmetrics Association Zurich
Educational Software for Financial Engineering and Computational Science
Rmetrics is free software and comes with ABSOLUTELY NO WARRANTY.
https://www.rmetrics.org --- Mail to: info@rmetrics.org


Rmetrics Package fOptions
Pricing and Evaluating Basic Options
Copyright (C) 2005-2014 Rmetrics Association Zurich
Educational Software for Financial Engineering and Computational Science
Rmetrics is free software and comes with ABSOLUTELY NO WARRANTY.
https://www.rmetrics.org --- Mail to: info@rmetrics.org
Loading required package: quantmod
Loading required package: xts
Loading required package: zoo

Attaching package: 'zoo'

The following object is masked from 'package:timeSeries':

    time<-

The following objects are masked from 'package:base':

    as.Date, as.Date.numeric


Attaching package: 'xts'

The following objects are masked from 'package:data.table':

    first, last

Loading required package: TTR

Attaching package: 'TTR'

The following object is masked from 'package:fBasics':

    volatility

Version 0.4-0 included new data defaults. See ?getSymbols.

Attaching package: 'finlab'

The following object is masked from 'package:quantmod':

    getOptionChain

ERROR: [on_request_read] connection reset by peer
ERROR: [on_request_read] connection reset by peer
